  Avoid.cpp
D:\GIT\Sever\IOCP\Client_IOCP\Game.cpp(184,13): warning C4244: '인수': 'time_t'에서 'unsigned int'(으)로 변환하면서 데이터가 손실될 수 있습니다.
  (소스 파일 'Avoid.cpp'을(를) 컴파일하는 중)
  
  Client.cpp
  FallClass.cpp
  Falls.cpp
D:\GIT\Sever\IOCP\Client_IOCP\Game.cpp(184,13): warning C4244: '인수': 'time_t'에서 'unsigned int'(으)로 변환하면서 데이터가 손실될 수 있습니다.
  (소스 파일 'Falls.cpp'을(를) 컴파일하는 중)
  
  Game.cpp
D:\GIT\Sever\IOCP\Client_IOCP\Game.cpp(184,13): warning C4244: '인수': 'time_t'에서 'unsigned int'(으)로 변환하면서 데이터가 손실될 수 있습니다.
  GameResult.cpp
D:\GIT\Sever\IOCP\Client_IOCP\Game.cpp(184,13): warning C4244: '인수': 'time_t'에서 'unsigned int'(으)로 변환하면서 데이터가 손실될 수 있습니다.
  (소스 파일 'GameResult.cpp'을(를) 컴파일하는 중)
  
  map.cpp
D:\GIT\Sever\IOCP\Client_IOCP\Game.cpp(184,13): warning C4244: '인수': 'time_t'에서 'unsigned int'(으)로 변환하면서 데이터가 손실될 수 있습니다.
  (소스 파일 'map.cpp'을(를) 컴파일하는 중)
  
  Menu.cpp
D:\GIT\Sever\IOCP\Client_IOCP\Game.cpp(184,13): warning C4244: '인수': 'time_t'에서 'unsigned int'(으)로 변환하면서 데이터가 손실될 수 있습니다.
  (소스 파일 'Menu.cpp'을(를) 컴파일하는 중)
  
  Player.cpp
  Render.cpp
  코드를 생성하고 있습니다...
  source.c
  Client_IOCP.vcxproj -> D:\GIT\Sever\IOCP\x64\Debug\Client_IOCP.exe
