d:\git\sever\iocp\client_iocp\x64\debug\vc143.pdb
d:\git\sever\iocp\client_iocp\x64\debug\vc143.idb
d:\git\sever\iocp\client_iocp\x64\debug\render.obj
d:\git\sever\iocp\client_iocp\x64\debug\player.obj
d:\git\sever\iocp\client_iocp\x64\debug\menu.obj
d:\git\sever\iocp\client_iocp\x64\debug\map.obj
d:\git\sever\iocp\client_iocp\x64\debug\gameresult.obj
d:\git\sever\iocp\client_iocp\x64\debug\game.obj
d:\git\sever\iocp\client_iocp\x64\debug\falls.obj
d:\git\sever\iocp\client_iocp\x64\debug\fallclass.obj
d:\git\sever\iocp\client_iocp\x64\debug\client.obj
d:\git\sever\iocp\client_iocp\x64\debug\avoid.obj
d:\git\sever\iocp\client_iocp\x64\debug\source.obj
d:\git\sever\iocp\x64\debug\client_iocp.exe
d:\git\sever\iocp\x64\debug\client_iocp.pdb
d:\git\sever\iocp\client_iocp\x64\debug\client_iocp.ilk
d:\git\sever\iocp\client_iocp\x64\debug\client_iocp.tlog\cl.command.1.tlog
d:\git\sever\iocp\client_iocp\x64\debug\client_iocp.tlog\cl.items.tlog
d:\git\sever\iocp\client_iocp\x64\debug\client_iocp.tlog\cl.read.1.tlog
d:\git\sever\iocp\client_iocp\x64\debug\client_iocp.tlog\cl.write.1.tlog
d:\git\sever\iocp\client_iocp\x64\debug\client_iocp.tlog\link.command.1.tlog
d:\git\sever\iocp\client_iocp\x64\debug\client_iocp.tlog\link.read.1.tlog
d:\git\sever\iocp\client_iocp\x64\debug\client_iocp.tlog\link.secondary.1.tlog
d:\git\sever\iocp\client_iocp\x64\debug\client_iocp.tlog\link.write.1.tlog
